<?xml version="1.0" encoding="UTF-8"?>
<!-- Generated by org.testng.reporters.JUnitXMLReporter -->
<testsuite ignored="0" hostname="Z1-471" failures="0" tests="2" name="Firefox" time="0.373" errors="0" timestamp="2022-05-06T13:09:48 IST">
  <testcase classname="com.crm.comcast.Genericutility.BaseClass" name="@BeforeSuite bcconfig" time="-1.651822787442E9">
    <failure type="org.testng.TestNGException" message="
Parameter &amp;apos;BROWSER&amp;apos; is required by BeforeSuite on method bcconfig but has not been marked @Optional or defined
in D:\ECILIPSEWORKSPACE\Workspace1\SDET34-SELENIUM_FRAMEWORK\testngFullRegression.xml">
      <![CDATA[org.testng.TestNGException: 
Parameter 'BROWSER' is required by BeforeSuite on method bcconfig but has not been marked @Optional or defined
in D:\ECILIPSEWORKSPACE\Workspace1\SDET34-SELENIUM_FRAMEWORK\testngFullRegression.xml
... Removed 16 stack frames]]>
    </failure>
  </testcase> <!-- @BeforeSuite bcconfig -->
  <testcase classname="com.crm.comcast.Genericutility.BaseClass" name="@BeforeClass bcconfig" time="-1.651822787705E9">
    <skipped/>
  </testcase> <!-- @BeforeClass bcconfig -->
  <testcase classname="com.crm.comcast.Genericutility.BaseClass" name="@BeforeMethod bmconfig" time="-1.651822787842E9">
    <skipped/>
  </testcase> <!-- @BeforeMethod bmconfig -->
  <testcase classname="com.crm.comcast.Genericutility.BaseClass" name="@AfterMethod amconfig" time="-1.651822787904E9">
    <skipped/>
  </testcase> <!-- @AfterMethod amconfig -->
  <testcase classname="com.crm.comcast.Genericutility.BaseClass" name="@BeforeMethod bmconfig" time="-1.651822787958E9">
    <skipped/>
  </testcase> <!-- @BeforeMethod bmconfig -->
  <testcase classname="com.crm.comcast.Genericutility.BaseClass" name="@AfterMethod amconfig" time="-1.65182278801E9">
    <skipped/>
  </testcase> <!-- @AfterMethod amconfig -->
  <testcase classname="com.crm.comcast.Genericutility.BaseClass" name="@AfterClass acconfig" time="-1.651822788018E9">
    <skipped/>
  </testcase> <!-- @AfterClass acconfig -->
  <testcase classname="com.crm.comcast.vendorsTest.Campains" name="campaignwithproductTest" time="0.0">
    <skipped/>
  </testcase> <!-- campaignwithproductTest -->
  <testcase classname="com.crm.comcast.vendorsTest.Campains" name="createcampaignTest" time="0.0">
    <skipped/>
  </testcase> <!-- createcampaignTest -->
</testsuite> <!-- Firefox -->
