<?xml version="1.0" encoding="UTF-8"?>
<!-- Generated by org.testng.reporters.JUnitXMLReporter -->
<testsuite ignored="0" hostname="Z1-471" failures="0" tests="2" name="Test-Runner-Firefox" time="0.671" errors="0" timestamp="2022-05-11T10:43:37 IST">
  <testcase classname="com.crm.comcast.Genericutility.BaseClass" name="@BeforeSuite bcconfig" time="-1.652246015844E9">
    <failure type="org.testng.TestNGException" message="
Parameter &amp;apos;BROWSER&amp;apos; is required by BeforeSuite on method bcconfig but has not been marked @Optional or defined
in D:\ECILIPSEWORKSPACE\Workspace1\SDET34-SELENIUM_FRAMEWORK\testngCrossbrowser.xml">
      <![CDATA[org.testng.TestNGException: 
Parameter 'BROWSER' is required by BeforeSuite on method bcconfig but has not been marked @Optional or defined
in D:\ECILIPSEWORKSPACE\Workspace1\SDET34-SELENIUM_FRAMEWORK\testngCrossbrowser.xml
... Removed 16 stack frames]]>
    </failure>
  </testcase> <!-- @BeforeSuite bcconfig -->
  <testcase classname="com.crm.comcast.Genericutility.BaseClass" name="@BeforeClass bcconfig" time="-1.652246016018E9">
    <skipped/>
  </testcase> <!-- @BeforeClass bcconfig -->
  <testcase classname="com.crm.comcast.Genericutility.BaseClass" name="@BeforeMethod bmconfig" time="-1.652246016236E9">
    <skipped/>
  </testcase> <!-- @BeforeMethod bmconfig -->
  <testcase classname="com.crm.comcast.Genericutility.BaseClass" name="@AfterMethod amconfig" time="-1.652246016338E9">
    <skipped/>
  </testcase> <!-- @AfterMethod amconfig -->
  <testcase classname="com.crm.comcast.Genericutility.BaseClass" name="@BeforeMethod bmconfig" time="-1.652246016403E9">
    <skipped/>
  </testcase> <!-- @BeforeMethod bmconfig -->
  <testcase classname="com.crm.comcast.Genericutility.BaseClass" name="@AfterMethod amconfig" time="-1.652246016439E9">
    <skipped/>
  </testcase> <!-- @AfterMethod amconfig -->
  <testcase classname="com.crm.comcast.Genericutility.BaseClass" name="@AfterClass acconfig" time="-1.652246016466E9">
    <skipped/>
  </testcase> <!-- @AfterClass acconfig -->
  <testcase classname="com.crm.comcast.vendorsTest.Campains" name="campaignwithproductTest" time="0.0">
    <skipped/>
  </testcase> <!-- campaignwithproductTest -->
  <testcase classname="com.crm.comcast.vendorsTest.Campains" name="createcampaignTest" time="0.0">
    <skipped/>
  </testcase> <!-- createcampaignTest -->
</testsuite> <!-- Test-Runner-Firefox -->
